{"C:\\Users\\nasirhaidary\\Documents\\PostPSQL-IT-Asset-Tracker\\local-dev\\server\\config\\database.js": {"path":"C:\\Users\\nasirhaidary\\Documents\\PostPSQL-IT-Asset-Tracker\\local-dev\\server\\config\\database.js","statementMap":{"0":{"start":{"line":1,"column":22},"end":{"line":1,"column":42}},"1":{"start":{"line":2,"column":0},"end":{"line":4,"column":3}},"2":{"start":{"line":6,"column":18},"end":{"line":22,"column":1}},"3":{"start":{"line":25,"column":0},"end":{"line":34,"column":1}},"4":{"start":{"line":26,"column":2},"end":{"line":33,"column":7}},"5":{"start":{"line":29,"column":6},"end":{"line":29,"column":67}},"6":{"start":{"line":32,"column":6},"end":{"line":32,"column":63}},"7":{"start":{"line":36,"column":0},"end":{"line":36,"column":27}}},"fnMap":{"0":{"name":"(anonymous_0)","decl":{"start":{"line":28,"column":10},"end":{"line":28,"column":11}},"loc":{"start":{"line":28,"column":16},"end":{"line":30,"column":5}},"line":28},"1":{"name":"(anonymous_1)","decl":{"start":{"line":31,"column":11},"end":{"line":31,"column":12}},"loc":{"start":{"line":31,"column":20},"end":{"line":33,"column":5}},"line":31}},"branchMap":{"0":{"loc":{"start":{"line":3,"column":8},"end":{"line":3,"column":62}},"type":"cond-expr","locations":[{"start":{"line":3,"column":42},"end":{"line":3,"column":53}},{"start":{"line":3,"column":56},"end":{"line":3,"column":62}}],"line":3},"1":{"loc":{"start":{"line":14,"column":13},"end":{"line":14,"column":66}},"type":"cond-expr","locations":[{"start":{"line":14,"column":47},"end":{"line":14,"column":52}},{"start":{"line":14,"column":55},"end":{"line":14,"column":66}}],"line":14},"2":{"loc":{"start":{"line":25,"column":0},"end":{"line":34,"column":1}},"type":"if","locations":[{"start":{"line":25,"column":0},"end":{"line":34,"column":1}},{"start":{},"end":{}}],"line":25}},"s":{"0":2,"1":2,"2":2,"3":2,"4":0,"5":0,"6":0,"7":2},"f":{"0":0,"1":0},"b":{"0":[2,0],"1":[2,0],"2":[0,2]},"_coverageSchema":"1a1c01bbd47fc00a2c39e90264f33305004495a9","hash":"17340bff223bce6b7411224ac5f7a5c74967dafe"}
,"C:\\Users\\nasirhaidary\\Documents\\PostPSQL-IT-Asset-Tracker\\local-dev\\server\\models\\Asset.js": {"path":"C:\\Users\\nasirhaidary\\Documents\\PostPSQL-IT-Asset-Tracker\\local-dev\\server\\models\\Asset.js","statementMap":{"0":{"start":{"line":1,"column":26},"end":{"line":1,"column":46}},"1":{"start":{"line":2,"column":18},"end":{"line":2,"column":47}},"2":{"start":{"line":4,"column":14},"end":{"line":103,"column":2}},"3":{"start":{"line":105,"column":0},"end":{"line":111,"column":2}},"4":{"start":{"line":106,"column":19},"end":{"line":106,"column":36}},"5":{"start":{"line":107,"column":4},"end":{"line":109,"column":5}},"6":{"start":{"line":108,"column":8},"end":{"line":108,"column":74}},"7":{"start":{"line":110,"column":4},"end":{"line":110,"column":18}},"8":{"start":{"line":113,"column":0},"end":{"line":131,"column":2}},"9":{"start":{"line":114,"column":19},"end":{"line":114,"column":58}},"10":{"start":{"line":115,"column":22},"end":{"line":122,"column":6}},"11":{"start":{"line":124,"column":4},"end":{"line":126,"column":5}},"12":{"start":{"line":125,"column":8},"end":{"line":125,"column":30}},"13":{"start":{"line":128,"column":23},"end":{"line":128,"column":60}},"14":{"start":{"line":129,"column":22},"end":{"line":129,"column":66}},"15":{"start":{"line":130,"column":4},"end":{"line":130,"column":35}},"16":{"start":{"line":133,"column":0},"end":{"line":133,"column":23}}},"fnMap":{"0":{"name":"(anonymous_0)","decl":{"start":{"line":105,"column":25},"end":{"line":105,"column":26}},"loc":{"start":{"line":105,"column":36},"end":{"line":111,"column":1}},"line":105},"1":{"name":"(anonymous_1)","decl":{"start":{"line":113,"column":24},"end":{"line":113,"column":25}},"loc":{"start":{"line":113,"column":50},"end":{"line":131,"column":1}},"line":113}},"branchMap":{"0":{"loc":{"start":{"line":107,"column":4},"end":{"line":109,"column":5}},"type":"if","locations":[{"start":{"line":107,"column":4},"end":{"line":109,"column":5}},{"start":{},"end":{}}],"line":107},"1":{"loc":{"start":{"line":124,"column":4},"end":{"line":126,"column":5}},"type":"if","locations":[{"start":{"line":124,"column":4},"end":{"line":126,"column":5}},{"start":{},"end":{}}],"line":124}},"s":{"0":2,"1":2,"2":2,"3":2,"4":1,"5":1,"6":1,"7":1,"8":2,"9":2,"10":2,"11":2,"12":1,"13":1,"14":1,"15":1,"16":2},"f":{"0":1,"1":2},"b":{"0":[1,0],"1":[1,1]},"_coverageSchema":"1a1c01bbd47fc00a2c39e90264f33305004495a9","hash":"6291a8196df4810f9d1640c83584e027de2db357"}
,"C:\\Users\\nasirhaidary\\Documents\\PostPSQL-IT-Asset-Tracker\\local-dev\\server\\models\\index.js": {"path":"C:\\Users\\nasirhaidary\\Documents\\PostPSQL-IT-Asset-Tracker\\local-dev\\server\\models\\index.js","statementMap":{"0":{"start":{"line":1,"column":18},"end":{"line":1,"column":47}},"1":{"start":{"line":2,"column":14},"end":{"line":2,"column":32}},"2":{"start":{"line":8,"column":15},"end":{"line":10,"column":1}},"3":{"start":{"line":13,"column":0},"end":{"line":17,"column":3}},"4":{"start":{"line":14,"column":2},"end":{"line":16,"column":3}},"5":{"start":{"line":15,"column":4},"end":{"line":15,"column":28}},"6":{"start":{"line":19,"column":0},"end":{"line":22,"column":2}}},"fnMap":{"0":{"name":"(anonymous_0)","decl":{"start":{"line":13,"column":30},"end":{"line":13,"column":31}},"loc":{"start":{"line":13,"column":39},"end":{"line":17,"column":1}},"line":13}},"branchMap":{"0":{"loc":{"start":{"line":14,"column":2},"end":{"line":16,"column":3}},"type":"if","locations":[{"start":{"line":14,"column":2},"end":{"line":16,"column":3}},{"start":{},"end":{}}],"line":14}},"s":{"0":1,"1":1,"2":1,"3":1,"4":1,"5":0,"6":1},"f":{"0":1},"b":{"0":[0,1]},"_coverageSchema":"1a1c01bbd47fc00a2c39e90264f33305004495a9","hash":"b608bb72f3c92a299bf58e77bbdf8aa87420ad55"}
}
