TN:
SF:server\config\database.js
FN:28,(anonymous_0)
FN:31,(anonymous_1)
FNF:2
FNH:0
FNDA:0,(anonymous_0)
FNDA:0,(anonymous_1)
DA:1,2
DA:2,2
DA:6,2
DA:25,2
DA:26,0
DA:29,0
DA:32,0
DA:36,2
LF:8
LH:5
BRDA:3,0,0,2
BRDA:3,0,1,0
BRDA:14,1,0,2
BRDA:14,1,1,0
BRDA:25,2,0,0
BRDA:25,2,1,2
BRF:6
BRH:3
end_of_record
TN:
SF:server\models\Asset.js
FN:105,(anonymous_0)
FN:113,(anonymous_1)
FNF:2
FNH:2
FNDA:1,(anonymous_0)
FNDA:2,(anonymous_1)
DA:1,2
DA:2,2
DA:4,2
DA:105,2
DA:106,1
DA:107,1
DA:108,1
DA:110,1
DA:113,2
DA:114,2
DA:115,2
DA:124,2
DA:125,1
DA:128,1
DA:129,1
DA:130,1
DA:133,2
LF:17
LH:17
BRDA:107,0,0,1
BRDA:107,0,1,0
BRDA:124,1,0,1
BRDA:124,1,1,1
BRF:4
BRH:3
end_of_record
TN:
SF:server\models\index.js
FN:13,(anonymous_0)
FNF:1
FNH:1
FNDA:1,(anonymous_0)
DA:1,1
DA:2,1
DA:8,1
DA:13,1
DA:14,1
DA:15,0
DA:19,1
LF:7
LH:6
BRDA:14,0,0,0
BRDA:14,0,1,1
BRF:2
BRH:1
end_of_record
